<?xml version="1.0" encoding="UTF-8"?>
<!-- Generated by org.testng.reporters.JUnitXMLReporter -->
<testsuite ignored="0" hostname="DESKTOP-9ON4P11" failures="0" tests="3" name="Test-1" time="46.96" errors="0" timestamp="2025-02-19T13:08:07 IST">
  <testcase classname="com.comcast.crm.orgtest.testng.createorgTest2" name="createorgtest" time="7.545"/>
  <testcase classname="com.comcast.crm.orgtest.testng.createorgTest2" name="createorgtestwithIndustryType" time="4.197"/>
  <testcase classname="com.comcast.crm.orgtest.testng.createorgTest2" name="createorgtestwithPhononumber" time="4.896"/>
</testsuite> <!-- Test-1 -->
