<?xml version="1.0" encoding="UTF-8"?>
<!-- Generated by org.testng.reporters.JUnitXMLReporter -->
<testsuite ignored="0" hostname="DESKTOP-9ON4P11" failures="0" tests="3" name="Test-2" time="68.742" errors="0" timestamp="2025-02-19T13:08:29 IST">
  <testcase classname="com.camcast.crm.contacttest.testng.CreateContactTest2" name="createContactTest2" time="7.612"/>
  <testcase classname="com.camcast.crm.contacttest.testng.CreateContactTest2" name="createContactwithOrgTest" time="9.756"/>
  <testcase classname="com.camcast.crm.contacttest.testng.CreateContactTest2" name="createContactwithSupportdate" time="21.11"/>
</testsuite> <!-- Test-2 -->
