<?xml version="1.0" encoding="UTF-8"?>
<!-- Generated by org.testng.reporters.JUnitReportReporter -->
<testsuite hostname="DESKTOP-9ON4P11" failures="0" tests="3" name="Practice_DataProvider_test.GetProductInfoTest" time="40.691" errors="0" timestamp="2025-02-17T12:35:44 IST" skipped="0">
  <testcase classname="Practice_DataProvider_test.GetProductInfoTest" name="getproductInfo" time="13.984"/>
  <system-out/>
  <testcase classname="Practice_DataProvider_test.GetProductInfoTest" name="getproductInfo" time="14.481"/>
  <system-out/>
  <testcase classname="Practice_DataProvider_test.GetProductInfoTest" name="getproductInfo" time="12.226"/>
  <system-out/>
</testsuite> <!-- Practice_DataProvider_test.GetProductInfoTest -->
