<?xml version="1.0" encoding="UTF-8"?>
<!-- Generated by org.testng.reporters.JUnitReportReporter -->
<testsuite hostname="DESKTOP-9ON4P11" failures="0" tests="1" name="com_comcast_crm_contacttest.CreateContactTest" time="8.120" errors="0" timestamp="2025-02-18T15:09:57 IST" skipped="0">
  <testcase classname="com_comcast_crm_contacttest.CreateContactTest" name="CreateContactTest" time="8.120"/>
  <system-out/>
</testsuite> <!-- com_comcast_crm_contacttest.CreateContactTest -->
