<?xml version="1.0" encoding="UTF-8"?>
<!-- Generated by org.testng.reporters.JUnitReportReporter -->
<testsuite hostname="DESKTOP-9ON4P11" failures="0" tests="1" name="com_comcast_crm_orgtest.CreateOrgWithIndustriesTest" time="12.301" errors="0" timestamp="2025-02-18T17:44:39 IST" skipped="0">
  <testcase classname="com_comcast_crm_orgtest.CreateOrgWithIndustriesTest" name="createOrgWithIndustryType_Test" time="12.301"/>
  <system-out/>
</testsuite> <!-- com_comcast_crm_orgtest.CreateOrgWithIndustriesTest -->
