<?xml version="1.0" encoding="UTF-8"?>
<!-- Generated by org.testng.reporters.JUnitReportReporter -->
<testsuite hostname="DESKTOP-9ON4P11" failures="0" tests="2" name="Practice_DataProvider_test.CreateContactTest" time="0.017" errors="0" timestamp="2025-02-17T15:47:25 IST" skipped="0">
  <testcase classname="Practice_DataProvider_test.CreateContactTest" name="createcontactwithdate" time="0.004"/>
  <system-out/>
  <testcase classname="Practice_DataProvider_test.CreateContactTest" name="createcontact" time="0.013"/>
  <system-out/>
</testsuite> <!-- Practice_DataProvider_test.CreateContactTest -->
