<?xml version="1.0" encoding="UTF-8"?>
<!-- Generated by org.testng.reporters.JUnitReportReporter -->
<testsuite hostname="DESKTOP-9ON4P11" failures="0" tests="2" name="practice.asserttest.HomePageSampleTest" time="0.036" errors="0" timestamp="2025-02-19T18:29:49 IST" skipped="0">
  <testcase classname="practice.asserttest.HomePageSampleTest" name="verifyLogoHomePage" time="0.002"/>
  <system-out>
    <![CDATA[verifyLogoHomePageTest Start
Step-1
Step-2
Step-3
Step-4
verifyLogoHomePageTest End]]>
  </system-out>
  <testcase classname="practice.asserttest.HomePageSampleTest" name="homePageTest" time="0.034"/>
  <system-out>
    <![CDATA[homePageTestTest Start
Step-1
Step-2
Step-3
Step-4
homePageTestTest End]]>
  </system-out>
</testsuite> <!-- practice.asserttest.HomePageSampleTest -->
